<?xml version="1.0" encoding="UTF-8"?>
<testsuite xmlns:xsi="http://www.w3.org/2001/XMLSchema-instance" xsi:noNamespaceSchemaLocation="https://maven.apache.org/surefire/maven-surefire-plugin/xsd/surefire-test-report.xsd" name="TestSuite" time="0.762" tests="25" errors="0" skipped="0" failures="24">
  <properties>
    <property name="java.specification.version" value="14"/>
    <property name="sun.cpu.isalist" value="amd64"/>
    <property name="sun.jnu.encoding" value="Cp1252"/>
    <property name="java.class.path" value="D:\dani_\Documents\GitHub\Pava_20_21_\target\test-classes;D:\dani_\Documents\GitHub\Pava_20_21_\target\classes;C:\Users\dani_\.m2\repository\org\testng\testng\7.3.0\testng-7.3.0.jar;C:\Users\dani_\.m2\repository\com\beust\jcommander\1.78\jcommander-1.78.jar;C:\Users\dani_\.m2\repository\org\apache\ant\ant\1.10.3\ant-1.10.3.jar;C:\Users\dani_\.m2\repository\org\apache\ant\ant-launcher\1.10.3\ant-launcher-1.10.3.jar;C:\Users\dani_\.m2\repository\junit\junit\4.12\junit-4.12.jar;C:\Users\dani_\.m2\repository\org\hamcrest\hamcrest-core\1.3\hamcrest-core-1.3.jar;C:\Users\dani_\.m2\repository\com\google\inject\guice\4.2.2\guice-4.2.2-no_aop.jar;C:\Users\dani_\.m2\repository\javax\inject\javax.inject\1\javax.inject-1.jar;C:\Users\dani_\.m2\repository\aopalliance\aopalliance\1.0\aopalliance-1.0.jar;C:\Users\dani_\.m2\repository\com\google\guava\guava\25.1-android\guava-25.1-android.jar;C:\Users\dani_\.m2\repository\com\google\code\findbugs\jsr305\3.0.2\jsr305-3.0.2.jar;C:\Users\dani_\.m2\repository\org\checkerframework\checker-compat-qual\2.0.0\checker-compat-qual-2.0.0.jar;C:\Users\dani_\.m2\repository\com\google\errorprone\error_prone_annotations\2.1.3\error_prone_annotations-2.1.3.jar;C:\Users\dani_\.m2\repository\com\google\j2objc\j2objc-annotations\1.1\j2objc-annotations-1.1.jar;C:\Users\dani_\.m2\repository\org\codehaus\mojo\animal-sniffer-annotations\1.14\animal-sniffer-annotations-1.14.jar;C:\Users\dani_\.m2\repository\org\yaml\snakeyaml\1.21\snakeyaml-1.21.jar;"/>
    <property name="java.vm.vendor" value="Oracle Corporation"/>
    <property name="sun.arch.data.model" value="64"/>
    <property name="user.variant" value=""/>
    <property name="java.vendor.url" value="https://java.oracle.com/"/>
    <property name="user.timezone" value="Europe/Lisbon"/>
    <property name="os.name" value="Windows 10"/>
    <property name="java.vm.specification.version" value="14"/>
    <property name="sun.java.launcher" value="SUN_STANDARD"/>
    <property name="user.country" value="PT"/>
    <property name="sun.boot.library.path" value="D:\Program Files\Java\jdk-14.0.2\bin"/>
    <property name="sun.java.command" value="C:\Users\dani_\AppData\Local\Temp\surefire6278403463557949124\surefirebooter5247332153883615814.jar C:\Users\dani_\AppData\Local\Temp\surefire6278403463557949124 2021-03-30T12-19-38_773-jvmRun1 surefire14111648600422301149tmp surefire_0222970329035640230tmp"/>
    <property name="jdk.debug" value="release"/>
    <property name="surefire.test.class.path" value="D:\dani_\Documents\GitHub\Pava_20_21_\target\test-classes;D:\dani_\Documents\GitHub\Pava_20_21_\target\classes;C:\Users\dani_\.m2\repository\org\testng\testng\7.3.0\testng-7.3.0.jar;C:\Users\dani_\.m2\repository\com\beust\jcommander\1.78\jcommander-1.78.jar;C:\Users\dani_\.m2\repository\org\apache\ant\ant\1.10.3\ant-1.10.3.jar;C:\Users\dani_\.m2\repository\org\apache\ant\ant-launcher\1.10.3\ant-launcher-1.10.3.jar;C:\Users\dani_\.m2\repository\junit\junit\4.12\junit-4.12.jar;C:\Users\dani_\.m2\repository\org\hamcrest\hamcrest-core\1.3\hamcrest-core-1.3.jar;C:\Users\dani_\.m2\repository\com\google\inject\guice\4.2.2\guice-4.2.2-no_aop.jar;C:\Users\dani_\.m2\repository\javax\inject\javax.inject\1\javax.inject-1.jar;C:\Users\dani_\.m2\repository\aopalliance\aopalliance\1.0\aopalliance-1.0.jar;C:\Users\dani_\.m2\repository\com\google\guava\guava\25.1-android\guava-25.1-android.jar;C:\Users\dani_\.m2\repository\com\google\code\findbugs\jsr305\3.0.2\jsr305-3.0.2.jar;C:\Users\dani_\.m2\repository\org\checkerframework\checker-compat-qual\2.0.0\checker-compat-qual-2.0.0.jar;C:\Users\dani_\.m2\repository\com\google\errorprone\error_prone_annotations\2.1.3\error_prone_annotations-2.1.3.jar;C:\Users\dani_\.m2\repository\com\google\j2objc\j2objc-annotations\1.1\j2objc-annotations-1.1.jar;C:\Users\dani_\.m2\repository\org\codehaus\mojo\animal-sniffer-annotations\1.14\animal-sniffer-annotations-1.14.jar;C:\Users\dani_\.m2\repository\org\yaml\snakeyaml\1.21\snakeyaml-1.21.jar;"/>
    <property name="sun.cpu.endian" value="little"/>
    <property name="user.home" value="C:\Users\dani_"/>
    <property name="user.language" value="pt"/>
    <property name="java.specification.vendor" value="Oracle Corporation"/>
    <property name="java.version.date" value="2020-07-14"/>
    <property name="java.home" value="D:\Program Files\Java\jdk-14.0.2"/>
    <property name="file.separator" value="\"/>
    <property name="basedir" value="D:\dani_\Documents\GitHub\Pava_20_21_"/>
    <property name="java.vm.compressedOopsMode" value="Zero based"/>
    <property name="line.separator" value="&#10;"/>
    <property name="java.vm.specification.vendor" value="Oracle Corporation"/>
    <property name="java.specification.name" value="Java Platform API Specification"/>
    <property name="surefire.real.class.path" value="C:\Users\dani_\AppData\Local\Temp\surefire6278403463557949124\surefirebooter5247332153883615814.jar"/>
    <property name="user.script" value=""/>
    <property name="sun.management.compiler" value="HotSpot 64-Bit Tiered Compilers"/>
    <property name="java.runtime.version" value="14.0.2+12-46"/>
    <property name="user.name" value="dani_"/>
    <property name="path.separator" value=";"/>
    <property name="os.version" value="10.0"/>
    <property name="java.runtime.name" value="Java(TM) SE Runtime Environment"/>
    <property name="file.encoding" value="Cp1252"/>
    <property name="java.vm.name" value="Java HotSpot(TM) 64-Bit Server VM"/>
    <property name="localRepository" value="C:\Users\dani_\.m2\repository"/>
    <property name="java.vendor.url.bug" value="https://bugreport.java.com/bugreport/"/>
    <property name="java.io.tmpdir" value="C:\Users\dani_\AppData\Local\Temp\"/>
    <property name="idea.version" value="2020.2.3"/>
    <property name="java.version" value="14.0.2"/>
    <property name="user.dir" value="D:\dani_\Documents\GitHub\Pava_20_21_"/>
    <property name="os.arch" value="amd64"/>
    <property name="java.vm.specification.name" value="Java Virtual Machine Specification"/>
    <property name="sun.os.patch.level" value=""/>
    <property name="java.library.path" value="D:\Program Files\Java\jdk-14.0.2\bin;C:\Windows\Sun\Java\bin;C:\Windows\system32;C:\Windows;C:\Program Files (x86)\Common Files\Oracle\Java\javapath;C:\Windows\system32;C:\Windows;C:\Windows\System32\Wbem;C:\Windows\System32\WindowsPowerShell\v1.0\;C:\Windows\System32\OpenSSH\;C:\Program Files\NVIDIA Corporation\NVIDIA NvDLISR;C:\Program Files (x86)\NVIDIA Corporation\PhysX\Common;C:\Program Files\Docker\Docker\resources\bin;C:\ProgramData\DockerDesktop\version-bin;C:\Program Files\Portugal Identity Card\;D:\HashiCorp\Vagrant\bin;C:\Program Files\Git\cmd;D:\Users\Daniel\AppData\Local\Programs\Python\Python38-32\Scripts\;D:\Users\Daniel\AppData\Local\Programs\Python\Python38-32\;C:\Users\dani_\AppData\Local\Microsoft\WindowsApps;;D:\Program Files\Microsoft VS Code\bin;D:\Program Files\JetBrains\IntelliJ IDEA 2020.2.2\bin;;D:\Program Files\JetBrains\WebStorm 2020.2.2\bin;;D:\Program Files\JetBrains\PyCharm Community Edition 2020.2.2\bin;;D:\Program Files (x86)\BrowserStackLocal\;."/>
    <property name="java.vm.info" value="mixed mode, sharing"/>
    <property name="java.vendor" value="Oracle Corporation"/>
    <property name="java.vm.version" value="14.0.2+12-46"/>
    <property name="sun.io.unicode.encoding" value="UnicodeLittle"/>
    <property name="java.class.version" value="58.0"/>
  </properties>
  <testcase name="shouldEqualString" classname="ist.meic.pava.MultipleDispatch.ComplexTest" time="0.01">
    <failure type="java.lang.UnsupportedOperationException">java.lang.UnsupportedOperationException
	at ist.meic.pava.MultipleDispatch.ComplexTest.shouldEqualString(ComplexTest.java:75)
</failure>
  </testcase>
  <testcase name="shouldEqualString" classname="ist.meic.pava.MultipleDispatch.ComplexTest" time="0">
    <failure type="java.lang.UnsupportedOperationException">java.lang.UnsupportedOperationException
	at ist.meic.pava.MultipleDispatch.ComplexTest.shouldEqualString(ComplexTest.java:75)
</failure>
  </testcase>
  <testcase name="shouldEqualString" classname="ist.meic.pava.MultipleDispatch.ComplexTest" time="0">
    <failure type="java.lang.UnsupportedOperationException">java.lang.UnsupportedOperationException
	at ist.meic.pava.MultipleDispatch.ComplexTest.shouldEqualString(ComplexTest.java:75)
</failure>
  </testcase>
  <testcase name="shouldEqualString" classname="ist.meic.pava.MultipleDispatch.ComplexTest" time="0">
    <failure type="java.lang.UnsupportedOperationException">java.lang.UnsupportedOperationException
	at ist.meic.pava.MultipleDispatch.ComplexTest.shouldEqualString(ComplexTest.java:75)
</failure>
  </testcase>
  <testcase name="shouldEqualString" classname="ist.meic.pava.MultipleDispatch.ComplexTest" time="0.001">
    <failure type="java.lang.UnsupportedOperationException">java.lang.UnsupportedOperationException
	at ist.meic.pava.MultipleDispatch.ComplexTest.shouldEqualString(ComplexTest.java:75)
</failure>
  </testcase>
  <testcase name="shouldEqualString" classname="ist.meic.pava.MultipleDispatch.ComplexTest" time="0">
    <failure type="java.lang.UnsupportedOperationException">java.lang.UnsupportedOperationException
	at ist.meic.pava.MultipleDispatch.ComplexTest.shouldEqualString(ComplexTest.java:75)
</failure>
  </testcase>
  <testcase name="shouldEqualString" classname="ist.meic.pava.MultipleDispatch.ComplexTest" time="0.001">
    <failure type="java.lang.UnsupportedOperationException">java.lang.UnsupportedOperationException
	at ist.meic.pava.MultipleDispatch.ComplexTest.shouldEqualString(ComplexTest.java:75)
</failure>
  </testcase>
  <testcase name="shouldEqualString" classname="ist.meic.pava.MultipleDispatch.ComplexTest" time="0.002">
    <failure type="java.lang.UnsupportedOperationException">java.lang.UnsupportedOperationException
	at ist.meic.pava.MultipleDispatch.ComplexTest.shouldEqualString(ComplexTest.java:75)
</failure>
  </testcase>
  <testcase name="shouldEqualString" classname="ist.meic.pava.MultipleDispatch.SimpleTest" time="0">
    <failure type="java.lang.UnsupportedOperationException">java.lang.UnsupportedOperationException
	at ist.meic.pava.MultipleDispatch.SimpleTest.shouldEqualString(SimpleTest.java:67)
</failure>
  </testcase>
  <testcase name="shouldEqualString" classname="ist.meic.pava.MultipleDispatch.SimpleTest" time="0">
    <failure type="java.lang.UnsupportedOperationException">java.lang.UnsupportedOperationException
	at ist.meic.pava.MultipleDispatch.SimpleTest.shouldEqualString(SimpleTest.java:67)
</failure>
  </testcase>
  <testcase name="shouldEqualString" classname="ist.meic.pava.MultipleDispatch.SimpleTest" time="0.001">
    <failure type="java.lang.UnsupportedOperationException">java.lang.UnsupportedOperationException
	at ist.meic.pava.MultipleDispatch.SimpleTest.shouldEqualString(SimpleTest.java:67)
</failure>
  </testcase>
  <testcase name="shouldEqualString" classname="ist.meic.pava.MultipleDispatch.SimpleTest" time="0">
    <failure type="java.lang.UnsupportedOperationException">java.lang.UnsupportedOperationException
	at ist.meic.pava.MultipleDispatch.SimpleTest.shouldEqualString(SimpleTest.java:67)
</failure>
  </testcase>
  <testcase name="shouldEqualString" classname="ist.meic.pava.MultipleDispatch.TestComplex" time="0">
    <failure type="java.lang.UnsupportedOperationException">java.lang.UnsupportedOperationException
	at ist.meic.pava.MultipleDispatch.TestComplex.shouldEqualString(TestComplex.java:75)
</failure>
  </testcase>
  <testcase name="shouldEqualString" classname="ist.meic.pava.MultipleDispatch.TestComplex" time="0.001">
    <failure type="java.lang.UnsupportedOperationException">java.lang.UnsupportedOperationException
	at ist.meic.pava.MultipleDispatch.TestComplex.shouldEqualString(TestComplex.java:75)
</failure>
  </testcase>
  <testcase name="shouldEqualString" classname="ist.meic.pava.MultipleDispatch.TestComplex" time="0">
    <failure type="java.lang.UnsupportedOperationException">java.lang.UnsupportedOperationException
	at ist.meic.pava.MultipleDispatch.TestComplex.shouldEqualString(TestComplex.java:75)
</failure>
  </testcase>
  <testcase name="shouldEqualString" classname="ist.meic.pava.MultipleDispatch.TestComplex" time="0">
    <failure type="java.lang.UnsupportedOperationException">java.lang.UnsupportedOperationException
	at ist.meic.pava.MultipleDispatch.TestComplex.shouldEqualString(TestComplex.java:75)
</failure>
  </testcase>
  <testcase name="shouldEqualString" classname="ist.meic.pava.MultipleDispatch.TestComplex" time="0">
    <failure type="java.lang.UnsupportedOperationException">java.lang.UnsupportedOperationException
	at ist.meic.pava.MultipleDispatch.TestComplex.shouldEqualString(TestComplex.java:75)
</failure>
  </testcase>
  <testcase name="shouldEqualString" classname="ist.meic.pava.MultipleDispatch.TestComplex" time="0.001">
    <failure type="java.lang.UnsupportedOperationException">java.lang.UnsupportedOperationException
	at ist.meic.pava.MultipleDispatch.TestComplex.shouldEqualString(TestComplex.java:75)
</failure>
  </testcase>
  <testcase name="shouldEqualString" classname="ist.meic.pava.MultipleDispatch.TestComplex" time="0">
    <failure type="java.lang.UnsupportedOperationException">java.lang.UnsupportedOperationException
	at ist.meic.pava.MultipleDispatch.TestComplex.shouldEqualString(TestComplex.java:75)
</failure>
  </testcase>
  <testcase name="shouldEqualString" classname="ist.meic.pava.MultipleDispatch.TestComplex" time="0">
    <failure type="java.lang.UnsupportedOperationException">java.lang.UnsupportedOperationException
	at ist.meic.pava.MultipleDispatch.TestComplex.shouldEqualString(TestComplex.java:75)
</failure>
  </testcase>
  <testcase name="shouldEqualString" classname="ist.meic.pava.MultipleDispatch.TestSimple" time="0">
    <failure type="java.lang.UnsupportedOperationException">java.lang.UnsupportedOperationException
	at ist.meic.pava.MultipleDispatch.TestSimple.shouldEqualString(TestSimple.java:67)
</failure>
  </testcase>
  <testcase name="shouldEqualString" classname="ist.meic.pava.MultipleDispatch.TestSimple" time="0">
    <failure type="java.lang.UnsupportedOperationException">java.lang.UnsupportedOperationException
	at ist.meic.pava.MultipleDispatch.TestSimple.shouldEqualString(TestSimple.java:67)
</failure>
  </testcase>
  <testcase name="shouldEqualString" classname="ist.meic.pava.MultipleDispatch.TestSimple" time="0.001">
    <failure type="java.lang.UnsupportedOperationException">java.lang.UnsupportedOperationException
	at ist.meic.pava.MultipleDispatch.TestSimple.shouldEqualString(TestSimple.java:67)
</failure>
  </testcase>
  <testcase name="shouldEqualString" classname="ist.meic.pava.MultipleDispatch.TestSimple" time="0">
    <failure type="java.lang.UnsupportedOperationException">java.lang.UnsupportedOperationException
	at ist.meic.pava.MultipleDispatch.TestSimple.shouldEqualString(TestSimple.java:67)
</failure>
  </testcase>
  <testcase name="shouldAnswerWithTrue on shouldAnswerWithTrue(ist.meic.pava.MultipleDispatch.AppTest)" classname="ist.meic.pava.MultipleDispatch.AppTest" time="0.001"/>
</testsuite>