<?xml version="1.0" encoding="UTF-8"?>
<!-- Generated by org.testng.reporters.JUnitReportReporter -->
<testsuite hostname="Daniel-PT" failures="0" tests="1" name="ist.meic.pava.MultipleDispatch.AppTest" time="0.015" errors="0" timestamp="2021-03-30T12:19:41 WEST" skipped="0">
  <testcase classname="ist.meic.pava.MultipleDispatch.AppTest" name="shouldAnswerWithTrue" time="0.015"/>
  <system-out/>
</testsuite> <!-- ist.meic.pava.MultipleDispatch.AppTest -->
